<?xml version="1.0" encoding="utf-8"?><testsuites name="pytest tests"><testsuite name="pytest" errors="0" failures="0" skipped="0" tests="15" time="40.579" timestamp="2026-08-01T11:45:02.765611+00:00" hostname="agent-env-de9d341e-7bf8-46e6-992a-49aec9040efe"><testcase classname="tests.test_firms_payslip.TestFirmsCRUD" name="test_list_firms_owner" time="0.117" /><testcase classname="tests.test_firms_payslip.TestFirmsCRUD" name="test_list_firms_accountant_allowed" time="0.097" /><testcase classname="tests.test_firms_payslip.TestFirmsCRUD" name="test_create_firm_accountant_forbidden" time="0.123" /><testcase classname="tests.test_firms_payslip.TestFirmIdFilters" name="test_expenses_firm_filter" time="0.786" /><testcase classname="tests.test_firms_payslip.TestFirmsCRUD" name="test_create_update_delete_firm_owner" time="0.698" /><testcase classname="tests.test_firms_payslip.TestFirmIdFilters" name="test_tax_firm_filter" time="0.483" /><testcase classname="tests.test_firms_payslip.TestFirmsCRUD" name="test_delete_firm_detaches_references" time="1.051" /><testcase classname="tests.test_firms_payslip.TestFirmIdFilters" name="test_dashboard_firm_filter" time="0.380" /><testcase classname="tests.test_firms_payslip.TestFirmIdFilters" name="test_ledger_firm_filter" time="0.721" /><testcase classname="tests.test_firms_payslip.TestFirmsCRUD" name="test_update_delete_nonexistent" time="0.226" /><testcase classname="tests.test_firms_payslip.TestPayslip" name="test_payslip_with_firm_and_advances" time="1.031" /><testcase classname="tests.test_firms_payslip.TestEmployeeFirmAssign" name="test_employee_firm_update" time="0.660" /><testcase classname="tests.test_firms_payslip.TestPayslip" name="test_payslip_no_advances_no_firm" time="0.273" /><testcase classname="tests.test_firms_payslip.TestPayslip" name="test_payslip_not_found" time="0.091" /><testcase classname="tests.test_firms_payslip.TestPayslip" name="test_payslip_accountant_allowed" time="36.315" /></testsuite></testsuites>