<?xml version="1.0" encoding="utf-8"?><testsuites name="pytest tests"><testsuite name="pytest" errors="0" failures="0" skipped="0" tests="15" time="3.851" timestamp="2026-08-01T11:16:00.523221+00:00" hostname="agent-env-de9d341e-7bf8-46e6-992a-49aec9040efe"><testcase classname="tests.test_new_features.TestUsers" name="test_owner_can_list_users" time="0.244" /><testcase classname="tests.test_new_features.TestRepay" name="test_repay_and_ledger_impact" time="1.216" /><testcase classname="tests.test_new_features.TestUsers" name="test_accountant_forbidden" time="0.126" /><testcase classname="tests.test_new_features.TestUsers" name="test_owner_cannot_delete_self" time="0.136" /><testcase classname="tests.test_new_features.TestUsers" name="test_role_update_and_delete" time="1.060" /><testcase classname="tests.test_new_features.TestRepay" name="test_repay_non_advance_returns_400" time="0.304" /><testcase classname="tests.test_new_features.TestRepay" name="test_repay_nonexistent_returns_404" time="0.108" /><testcase classname="tests.test_new_features.TestUsers" name="test_delete_nonexistent_user" time="0.124" /><testcase classname="tests.test_new_features.TestCookieAuth" name="test_cookie_auth_works_without_bearer" time="0.099" /><testcase classname="tests.test_new_features.TestLastOwnerGuards" name="test_cannot_demote_last_remaining_owner" time="0.308" /><testcase classname="tests.test_new_features.TestCookieAuth" name="test_bearer_auth_still_works" time="0.132" /><testcase classname="tests.test_new_features.TestCookieAuth" name="test_no_auth_returns_401" time="0.090" /><testcase classname="tests.test_new_features.TestExpenseFilter" name="test_date_range_and_category_and_payment_mode" time="1.011" /><testcase classname="tests.test_new_features.TestLastOwnerGuards" name="test_cannot_remove_last_remaining_owner" time="0.096" /><testcase classname="tests.test_new_features.TestLastOwnerGuards" name="test_remove_last_owner_guard_direct" time="1.188" /></testsuite></testsuites>