<?xml version="1.0" encoding="utf-8"?><testsuites name="pytest tests"><testsuite name="pytest" errors="0" failures="0" skipped="0" tests="40" time="14.730" timestamp="2026-08-01T12:00:00.607469+00:00" hostname="agent-env-de9d341e-7bf8-46e6-992a-49aec9040efe"><testcase classname="tests.test_firms_payslip.TestFirmsCRUD" name="test_list_firms_owner" time="0.256" /><testcase classname="tests.test_owner_emails_invitations.TestInvitationsCRUD" name="test_accountant_forbidden_on_all" time="0.575" /><testcase classname="tests.test_firms_payslip.TestFirmsCRUD" name="test_list_firms_accountant_allowed" time="0.153" /><testcase classname="tests.test_firms_payslip.TestFirmsCRUD" name="test_create_firm_accountant_forbidden" time="0.090" /><testcase classname="tests.test_firms_payslip.TestFirmsCRUD" name="test_create_update_delete_firm_owner" time="0.662" /><testcase classname="tests.test_owner_emails_invitations.TestInvitationsCRUD" name="test_create_list_delete_invitation" time="0.643" /><testcase classname="tests.test_firms_payslip.TestFirmsCRUD" name="test_delete_firm_detaches_references" time="1.194" /><testcase classname="tests.test_owner_emails_invitations.TestInvitationsCRUD" name="test_invalid_email_and_role" time="0.263" /><testcase classname="tests.test_owner_emails_invitations.TestInvitationsCRUD" name="test_invitation_upsert_replaces" time="0.426" /><testcase classname="tests.test_owner_emails_invitations.TestInvitationsCRUD" name="test_invitation_updates_existing_user_role" time="1.469" /><testcase classname="tests.test_firms_payslip.TestFirmsCRUD" name="test_update_delete_nonexistent" time="0.244" /><testcase classname="tests.test_new_features.TestUsers" name="test_owner_can_list_users" time="0.094" /><testcase classname="tests.test_new_features.TestUsers" name="test_accountant_forbidden" time="0.096" /><testcase classname="tests.test_new_features.TestUsers" name="test_owner_cannot_delete_self" time="0.109" /><testcase classname="tests.test_new_features.TestUsers" name="test_role_update_and_delete" time="1.252" /><testcase classname="tests.test_owner_emails_invitations.TestInvitationsCRUD" name="test_invitation_delete_nonexistent" time="0.144" /><testcase classname="tests.test_owner_emails_invitations.TestInvitationsCRUD" name="test_invitation_applied_on_session_for_new_email" time="0.367" /><testcase classname="tests.test_firms_payslip.TestPayslip" name="test_payslip_with_firm_and_advances" time="1.138" /><testcase classname="tests.test_new_features.TestUsers" name="test_delete_nonexistent_user" time="0.102" /><testcase classname="tests.test_firms_payslip.TestFirmIdFilters" name="test_expenses_firm_filter" time="0.840" /><testcase classname="tests.test_firms_payslip.TestPayslip" name="test_payslip_no_advances_no_firm" time="0.314" /><testcase classname="tests.test_firms_payslip.TestFirmIdFilters" name="test_tax_firm_filter" time="0.551" /><testcase classname="tests.test_firms_payslip.TestPayslip" name="test_payslip_not_found" time="0.097" /><testcase classname="tests.test_firms_payslip.TestPayslip" name="test_payslip_accountant_allowed" time="0.378" /><testcase classname="tests.test_firms_payslip.TestFirmIdFilters" name="test_dashboard_firm_filter" time="0.324" /><testcase classname="tests.test_new_features.TestRepay" name="test_repay_and_ledger_impact" time="0.997" /><testcase classname="tests.test_firms_payslip.TestFirmIdFilters" name="test_ledger_firm_filter" time="0.754" /><testcase classname="tests.test_new_features.TestLastOwnerGuards" name="test_cannot_demote_last_remaining_owner" time="3.469" /><testcase classname="tests.test_new_features.TestRepay" name="test_repay_non_advance_returns_400" time="3.352" /><testcase classname="tests.test_new_features.TestRepay" name="test_repay_nonexistent_returns_404" time="0.095" /><testcase classname="tests.test_new_features.TestLastOwnerGuards" name="test_cannot_remove_last_remaining_owner" time="0.100" /><testcase classname="tests.test_new_features.TestCookieAuth" name="test_cookie_auth_works_without_bearer" time="0.094" /><testcase classname="tests.test_new_features.TestLastOwnerGuards" name="test_remove_last_owner_guard_direct" time="1.183" /><testcase classname="tests.test_new_features.TestCookieAuth" name="test_bearer_auth_still_works" time="0.115" /><testcase classname="tests.test_new_features.TestCookieAuth" name="test_no_auth_returns_401" time="0.300" /><testcase classname="tests.test_firms_payslip.TestEmployeeFirmAssign" name="test_employee_firm_update" time="0.780" /><testcase classname="tests.test_owner_emails_invitations.TestOwnerEmailsBootstrap" name="test_owner_email_env_auto_promotes_on_me" time="1.538" /><testcase classname="tests.test_new_features.TestExpenseFilter" name="test_date_range_and_category_and_payment_mode" time="1.043" /><testcase classname="tests.test_owner_emails_invitations.TestOwnerEmailsBootstrap" name="test_owner_email_idempotent" time="1.068" /><testcase classname="tests.test_owner_emails_invitations.TestOwnerEmailsBootstrap" name="test_other_users_role_unchanged" time="0.093" /></testsuite></testsuites>