<?xml version="1.0" encoding="utf-8"?><testsuites name="pytest tests"><testsuite name="pytest" errors="0" failures="0" skipped="0" tests="9" time="3.059" timestamp="2026-08-01T11:08:33.208451+00:00" hostname="agent-env-de9d341e-7bf8-46e6-992a-49aec9040efe"><testcase classname="tests.test_new_features.TestUsers" name="test_owner_can_list_users" time="0.250" /><testcase classname="tests.test_new_features.TestUsers" name="test_accountant_forbidden" time="0.120" /><testcase classname="tests.test_new_features.TestRepay" name="test_repay_and_ledger_impact" time="1.340" /><testcase classname="tests.test_new_features.TestUsers" name="test_owner_cannot_delete_self" time="0.131" /><testcase classname="tests.test_new_features.TestUsers" name="test_role_update_and_delete" time="1.156" /><testcase classname="tests.test_new_features.TestRepay" name="test_repay_non_advance_returns_400" time="0.363" /><testcase classname="tests.test_new_features.TestUsers" name="test_delete_nonexistent_user" time="0.096" /><testcase classname="tests.test_new_features.TestRepay" name="test_repay_nonexistent_returns_404" time="0.187" /><testcase classname="tests.test_new_features.TestExpenseFilter" name="test_date_range_and_category_and_payment_mode" time="0.772" /></testsuite></testsuites>